Performing C SOURCE FILE Test CMAKE_HAVE_LIBC_PTHREAD failed with the following output:
Change Dir: /home/ros-industrial/catkin_cs/build/catkin_tools_prebuild/CMakeFiles/CMakeTmp

Run Build Command(s):/usr/bin/make cmTC_cd628/fast && /usr/bin/make  -f CMakeFiles/cmTC_cd628.dir/build.make CMakeFiles/cmTC_cd628.dir/build
make[1]: Entering directory '/home/ros-industrial/catkin_cs/build/catkin_tools_prebuild/CMakeFiles/CMakeTmp'
Building C object CMakeFiles/cmTC_cd628.dir/src.c.o
/usr/bin/cc -DCMAKE_HAVE_LIBC_PTHREAD   -o CMakeFiles/cmTC_cd628.dir/src.c.o -c /home/ros-industrial/catkin_cs/build/catkin_tools_prebuild/CMakeFiles/CMakeTmp/src.c
Linking C executable cmTC_cd628
/usr/bin/cmake -E cmake_link_script CMakeFiles/cmTC_cd628.dir/link.txt --verbose=1
/usr/bin/cc -rdynamic CMakeFiles/cmTC_cd628.dir/src.c.o -o cmTC_cd628 
CMakeFiles/cmTC_cd628.dir/src.c.o: In function `main':
src.c:(.text+0x3e): undefined reference to `pthread_create'
src.c:(.text+0x4a): undefined reference to `pthread_detach'
src.c:(.text+0x56): undefined reference to `pthread_cancel'
src.c:(.text+0x67): undefined reference to `pthread_join'
src.c:(.text+0x7b): undefined reference to `pthread_atfork'
collect2: error: ld returned 1 exit status
CMakeFiles/cmTC_cd628.dir/build.make:105: recipe for target 'cmTC_cd628' failed
make[1]: *** [cmTC_cd628] Error 1
make[1]: Leaving directory '/home/ros-industrial/catkin_cs/build/catkin_tools_prebuild/CMakeFiles/CMakeTmp'
Makefile:140: recipe for target 'cmTC_cd628/fast' failed
make: *** [cmTC_cd628/fast] Error 2


Source file was:
#include <pthread.h>

static void* test_func(void* data)
{
  return data;
}

int main(void)
{
  pthread_t thread;
  pthread_create(&thread, NULL, test_func, NULL);
  pthread_detach(thread);
  pthread_cancel(thread);
  pthread_join(thread, NULL);
  pthread_atfork(NULL, NULL, NULL);
  pthread_exit(NULL);

  return 0;
}

Determining if the function pthread_create exists in the pthreads failed with the following output:
Change Dir: /home/ros-industrial/catkin_cs/build/catkin_tools_prebuild/CMakeFiles/CMakeTmp

Run Build Command(s):/usr/bin/make cmTC_cefda/fast && /usr/bin/make  -f CMakeFiles/cmTC_cefda.dir/build.make CMakeFiles/cmTC_cefda.dir/build
make[1]: Entering directory '/home/ros-industrial/catkin_cs/build/catkin_tools_prebuild/CMakeFiles/CMakeTmp'
Building C object CMakeFiles/cmTC_cefda.dir/CheckFunctionExists.c.o
/usr/bin/cc   -DCHECK_FUNCTION_EXISTS=pthread_create -o CMakeFiles/cmTC_cefda.dir/CheckFunctionExists.c.o -c /usr/share/cmake-3.19/Modules/CheckFunctionExists.c
Linking C executable cmTC_cefda
/usr/bin/cmake -E cmake_link_script CMakeFiles/cmTC_cefda.dir/link.txt --verbose=1
/usr/bin/cc  -DCHECK_FUNCTION_EXISTS=pthread_create -rdynamic CMakeFiles/cmTC_cefda.dir/CheckFunctionExists.c.o -o cmTC_cefda  -lpthreads 
/usr/bin/ld: cannot find -lpthreads
collect2: error: ld returned 1 exit status
CMakeFiles/cmTC_cefda.dir/build.make:105: recipe for target 'cmTC_cefda' failed
make[1]: *** [cmTC_cefda] Error 1
make[1]: Leaving directory '/home/ros-industrial/catkin_cs/build/catkin_tools_prebuild/CMakeFiles/CMakeTmp'
Makefile:140: recipe for target 'cmTC_cefda/fast' failed
make: *** [cmTC_cefda/fast] Error 2



